\BOOKMARK [1][-]{section.1}{Staffing}{}% 1
\BOOKMARK [2][-]{subsection.1.1}{Management}{section.1}% 2
\BOOKMARK [2][-]{subsection.1.2}{Lawyer }{section.1}% 3
\BOOKMARK [2][-]{subsection.1.3}{IT Specialist}{section.1}% 4
\BOOKMARK [2][-]{subsection.1.4}{Computer Forensic Investigator}{section.1}% 5
\BOOKMARK [1][-]{section.2}{Laboratory Design}{}% 6
\BOOKMARK [2][-]{subsection.2.1}{Office Space}{section.2}% 7
\BOOKMARK [2][-]{subsection.2.2}{Conference Room}{section.2}% 8
\BOOKMARK [2][-]{subsection.2.3}{Server Room}{section.2}% 9
\BOOKMARK [2][-]{subsection.2.4}{Workbench}{section.2}% 10
\BOOKMARK [2][-]{subsection.2.5}{Evidence and Storage}{section.2}% 11
\BOOKMARK [2][-]{subsection.2.6}{Figures}{section.2}% 12
\BOOKMARK [1][-]{section.3}{Hardware}{}% 13
\BOOKMARK [2][-]{subsection.3.1}{Employee Laptops}{section.3}% 14
\BOOKMARK [2][-]{subsection.3.2}{Tools for Employees}{section.3}% 15
\BOOKMARK [3][-]{subsubsection.3.2.1}{Hard Drive Write Blockers}{subsection.3.2}% 16
\BOOKMARK [3][-]{subsubsection.3.2.2}{Tools for mobile forensics}{subsection.3.2}% 17
\BOOKMARK [3][-]{subsubsection.3.2.3}{Harvest Drives}{subsection.3.2}% 18
\BOOKMARK [3][-]{subsubsection.3.2.4}{Hard Drive Cloning Devices}{subsection.3.2}% 19
\BOOKMARK [3][-]{subsubsection.3.2.5}{Reference Materials}{subsection.3.2}% 20
\BOOKMARK [3][-]{subsubsection.3.2.6}{Computer Toolkit}{subsection.3.2}% 21
\BOOKMARK [3][-]{subsubsection.3.2.7}{Flashlights}{subsection.3.2}% 22
\BOOKMARK [3][-]{subsubsection.3.2.8}{Digital Cameras}{subsection.3.2}% 23
\BOOKMARK [3][-]{subsubsection.3.2.9}{Evidence Bags}{subsection.3.2}% 24
\BOOKMARK [3][-]{subsubsection.3.2.10}{Evidence Labels and Tape}{subsection.3.2}% 25
\BOOKMARK [2][-]{subsection.3.3}{Server Rack}{section.3}% 26
\BOOKMARK [3][-]{subsubsection.3.3.1}{Power Supply}{subsection.3.3}% 27
\BOOKMARK [3][-]{subsubsection.3.3.2}{Networking}{subsection.3.3}% 28
\BOOKMARK [3][-]{subsubsection.3.3.3}{Virtual Machine Host Cluster}{subsection.3.3}% 29
\BOOKMARK [3][-]{subsubsection.3.3.4}{Network Attached Storage}{subsection.3.3}% 30
\BOOKMARK [3][-]{subsubsection.3.3.5}{Remote Network Storage}{subsection.3.3}% 31
\BOOKMARK [1][-]{section.4}{Software}{}% 32
\BOOKMARK [2][-]{subsection.4.1}{VMWare Fusion}{section.4}% 33
\BOOKMARK [2][-]{subsection.4.2}{Hardware Analysis Tools}{section.4}% 34
\BOOKMARK [2][-]{subsection.4.3}{Antivirus}{section.4}% 35
\BOOKMARK [2][-]{subsection.4.4}{Password Cracking Software}{section.4}% 36
\BOOKMARK [2][-]{subsection.4.5}{Photo Analytics}{section.4}% 37
\BOOKMARK [1][-]{section.5}{Accreditation}{}% 38
\BOOKMARK [2][-]{subsection.5.1}{Lab Security}{section.5}% 39
\BOOKMARK [2][-]{subsection.5.2}{Evidence Handling}{section.5}% 40
\BOOKMARK [2][-]{subsection.5.3}{Employee Training and Equipment}{section.5}% 41
\BOOKMARK [1][-]{section.6}{References}{}% 42
